[2023-10-16 07:00:03,180] INFO [Controller id=1 epoch=4] Sending UpdateMetadata request to brokers HashSet(1) for 0 partitions (state.change.logger)
[2023-10-16 07:00:03,202] INFO [Controller id=1 epoch=4] Sending LeaderAndIsr request to broker 1 with 51 become-leader and 0 become-follower partitions (state.change.logger)
[2023-10-16 07:00:03,204] INFO [Controller id=1 epoch=4] Sending UpdateMetadata request to brokers HashSet(1) for 51 partitions (state.change.logger)
[2023-10-16 07:00:03,220] INFO [Broker id=1] Handling LeaderAndIsr request correlationId 1 from controller 1 for 51 partitions (state.change.logger)
[2023-10-16 07:00:03,238] INFO [Broker id=1] Stopped fetchers as part of LeaderAndIsr request correlationId 1 from controller 1 epoch 4 as part of the become-leader transition for 51 partitions (state.change.logger)
[2023-10-16 07:00:03,243] INFO [Broker id=1] Leader __consumer_offsets-3 starts at leader epoch 0 from offset 0 with high watermark 0 ISR [1] addingReplicas [] removingReplicas []. Previous leader epoch was -1. (state.change.logger)
[2023-10-16 07:00:03,247] INFO [Broker id=1] Leader __consumer_offsets-18 starts at leader epoch 0 from offset 2 with high watermark 2 ISR [1] addingReplicas [] removingReplicas []. Previous leader epoch was -1. (state.change.logger)
[2023-10-16 07:00:03,247] INFO [Broker id=1] Leader __consumer_offsets-41 starts at leader epoch 0 from offset 0 with high watermark 0 ISR [1] addingReplicas [] removingReplicas []. Previous leader epoch was -1. (state.change.logger)
[2023-10-16 07:00:03,249] INFO [Broker id=1] Leader __consumer_offsets-10 starts at leader epoch 0 from offset 0 with high watermark 0 ISR [1] addingReplicas [] removingReplicas []. Previous leader epoch was -1. (state.change.logger)
[2023-10-16 07:00:03,250] INFO [Broker id=1] Leader __consumer_offsets-33 starts at leader epoch 0 from offset 0 with high watermark 0 ISR [1] addingReplicas [] removingReplicas []. Previous leader epoch was -1. (state.change.logger)
[2023-10-16 07:00:03,252] INFO [Broker id=1] Leader __consumer_offsets-48 starts at leader epoch 0 from offset 0 with high watermark 0 ISR [1] addingReplicas [] removingReplicas []. Previous leader epoch was -1. (state.change.logger)
[2023-10-16 07:00:03,253] INFO [Broker id=1] Leader __consumer_offsets-19 starts at leader epoch 0 from offset 0 with high watermark 0 ISR [1] addingReplicas [] removingReplicas []. Previous leader epoch was -1. (state.change.logger)
[2023-10-16 07:00:03,255] INFO [Broker id=1] Leader __consumer_offsets-34 starts at leader epoch 0 from offset 0 with high watermark 0 ISR [1] addingReplicas [] removingReplicas []. Previous leader epoch was -1. (state.change.logger)
[2023-10-16 07:00:03,257] INFO [Broker id=1] Leader __consumer_offsets-4 starts at leader epoch 0 from offset 0 with high watermark 0 ISR [1] addingReplicas [] removingReplicas []. Previous leader epoch was -1. (state.change.logger)
[2023-10-16 07:00:03,260] INFO [Broker id=1] Leader __consumer_offsets-11 starts at leader epoch 0 from offset 0 with high watermark 0 ISR [1] addingReplicas [] removingReplicas []. Previous leader epoch was -1. (state.change.logger)
[2023-10-16 07:00:03,262] INFO [Broker id=1] Leader __consumer_offsets-26 starts at leader epoch 0 from offset 0 with high watermark 0 ISR [1] addingReplicas [] removingReplicas []. Previous leader epoch was -1. (state.change.logger)
[2023-10-16 07:00:03,264] INFO [Broker id=1] Leader __consumer_offsets-49 starts at leader epoch 0 from offset 0 with high watermark 0 ISR [1] addingReplicas [] removingReplicas []. Previous leader epoch was -1. (state.change.logger)
[2023-10-16 07:00:03,266] INFO [Broker id=1] Leader __consumer_offsets-39 starts at leader epoch 0 from offset 0 with high watermark 0 ISR [1] addingReplicas [] removingReplicas []. Previous leader epoch was -1. (state.change.logger)
[2023-10-16 07:00:03,267] INFO [Broker id=1] Leader __consumer_offsets-9 starts at leader epoch 0 from offset 0 with high watermark 0 ISR [1] addingReplicas [] removingReplicas []. Previous leader epoch was -1. (state.change.logger)
[2023-10-16 07:00:03,269] INFO [Broker id=1] Leader __consumer_offsets-24 starts at leader epoch 0 from offset 0 with high watermark 0 ISR [1] addingReplicas [] removingReplicas []. Previous leader epoch was -1. (state.change.logger)
[2023-10-16 07:00:03,270] INFO [Broker id=1] Leader __consumer_offsets-31 starts at leader epoch 0 from offset 0 with high watermark 0 ISR [1] addingReplicas [] removingReplicas []. Previous leader epoch was -1. (state.change.logger)
[2023-10-16 07:00:03,271] INFO [Broker id=1] Leader __consumer_offsets-46 starts at leader epoch 0 from offset 0 with high watermark 0 ISR [1] addingReplicas [] removingReplicas []. Previous leader epoch was -1. (state.change.logger)
[2023-10-16 07:00:03,273] INFO [Broker id=1] Leader __consumer_offsets-1 starts at leader epoch 0 from offset 0 with high watermark 0 ISR [1] addingReplicas [] removingReplicas []. Previous leader epoch was -1. (state.change.logger)
[2023-10-16 07:00:03,274] INFO [Broker id=1] Leader __consumer_offsets-16 starts at leader epoch 0 from offset 0 with high watermark 0 ISR [1] addingReplicas [] removingReplicas []. Previous leader epoch was -1. (state.change.logger)
[2023-10-16 07:00:03,276] INFO [Broker id=1] Leader __consumer_offsets-2 starts at leader epoch 0 from offset 0 with high watermark 0 ISR [1] addingReplicas [] removingReplicas []. Previous leader epoch was -1. (state.change.logger)
[2023-10-16 07:00:03,278] INFO [Broker id=1] Leader __consumer_offsets-25 starts at leader epoch 0 from offset 0 with high watermark 0 ISR [1] addingReplicas [] removingReplicas []. Previous leader epoch was -1. (state.change.logger)
[2023-10-16 07:00:03,280] INFO [Broker id=1] Leader __consumer_offsets-40 starts at leader epoch 0 from offset 0 with high watermark 0 ISR [1] addingReplicas [] removingReplicas []. Previous leader epoch was -1. (state.change.logger)
[2023-10-16 07:00:03,282] INFO [Broker id=1] Leader __consumer_offsets-47 starts at leader epoch 0 from offset 0 with high watermark 0 ISR [1] addingReplicas [] removingReplicas []. Previous leader epoch was -1. (state.change.logger)
[2023-10-16 07:00:03,284] INFO [Broker id=1] Leader __consumer_offsets-17 starts at leader epoch 0 from offset 0 with high watermark 0 ISR [1] addingReplicas [] removingReplicas []. Previous leader epoch was -1. (state.change.logger)
[2023-10-16 07:00:03,286] INFO [Broker id=1] Leader __consumer_offsets-32 starts at leader epoch 0 from offset 0 with high watermark 0 ISR [1] addingReplicas [] removingReplicas []. Previous leader epoch was -1. (state.change.logger)
[2023-10-16 07:00:03,288] INFO [Broker id=1] Leader __consumer_offsets-37 starts at leader epoch 0 from offset 0 with high watermark 0 ISR [1] addingReplicas [] removingReplicas []. Previous leader epoch was -1. (state.change.logger)
[2023-10-16 07:00:03,289] INFO [Broker id=1] Leader __consumer_offsets-7 starts at leader epoch 0 from offset 0 with high watermark 0 ISR [1] addingReplicas [] removingReplicas []. Previous leader epoch was -1. (state.change.logger)
[2023-10-16 07:00:03,291] INFO [Broker id=1] Leader __consumer_offsets-22 starts at leader epoch 0 from offset 0 with high watermark 0 ISR [1] addingReplicas [] removingReplicas []. Previous leader epoch was -1. (state.change.logger)
[2023-10-16 07:00:03,292] INFO [Broker id=1] Leader __consumer_offsets-29 starts at leader epoch 0 from offset 0 with high watermark 0 ISR [1] addingReplicas [] removingReplicas []. Previous leader epoch was -1. (state.change.logger)
[2023-10-16 07:00:03,293] INFO [Broker id=1] Leader __consumer_offsets-44 starts at leader epoch 0 from offset 0 with high watermark 0 ISR [1] addingReplicas [] removingReplicas []. Previous leader epoch was -1. (state.change.logger)
[2023-10-16 07:00:03,294] INFO [Broker id=1] Leader __consumer_offsets-14 starts at leader epoch 0 from offset 0 with high watermark 0 ISR [1] addingReplicas [] removingReplicas []. Previous leader epoch was -1. (state.change.logger)
[2023-10-16 07:00:03,296] INFO [Broker id=1] Leader __consumer_offsets-23 starts at leader epoch 0 from offset 0 with high watermark 0 ISR [1] addingReplicas [] removingReplicas []. Previous leader epoch was -1. (state.change.logger)
[2023-10-16 07:00:03,298] INFO [Broker id=1] Leader __consumer_offsets-38 starts at leader epoch 0 from offset 0 with high watermark 0 ISR [1] addingReplicas [] removingReplicas []. Previous leader epoch was -1. (state.change.logger)
[2023-10-16 07:00:03,299] INFO [Broker id=1] Leader __consumer_offsets-8 starts at leader epoch 0 from offset 0 with high watermark 0 ISR [1] addingReplicas [] removingReplicas []. Previous leader epoch was -1. (state.change.logger)
[2023-10-16 07:00:03,302] INFO [Broker id=1] Leader __consumer_offsets-45 starts at leader epoch 0 from offset 0 with high watermark 0 ISR [1] addingReplicas [] removingReplicas []. Previous leader epoch was -1. (state.change.logger)
[2023-10-16 07:00:03,304] INFO [Broker id=1] Leader __consumer_offsets-15 starts at leader epoch 0 from offset 0 with high watermark 0 ISR [1] addingReplicas [] removingReplicas []. Previous leader epoch was -1. (state.change.logger)
[2023-10-16 07:00:03,306] INFO [Broker id=1] Leader __consumer_offsets-30 starts at leader epoch 0 from offset 0 with high watermark 0 ISR [1] addingReplicas [] removingReplicas []. Previous leader epoch was -1. (state.change.logger)
[2023-10-16 07:00:03,308] INFO [Broker id=1] Leader __consumer_offsets-0 starts at leader epoch 0 from offset 0 with high watermark 0 ISR [1] addingReplicas [] removingReplicas []. Previous leader epoch was -1. (state.change.logger)
[2023-10-16 07:00:03,310] INFO [Broker id=1] Leader __consumer_offsets-35 starts at leader epoch 0 from offset 0 with high watermark 0 ISR [1] addingReplicas [] removingReplicas []. Previous leader epoch was -1. (state.change.logger)
[2023-10-16 07:00:03,311] INFO [Broker id=1] Leader __consumer_offsets-5 starts at leader epoch 0 from offset 0 with high watermark 0 ISR [1] addingReplicas [] removingReplicas []. Previous leader epoch was -1. (state.change.logger)
[2023-10-16 07:00:03,313] INFO [Broker id=1] Leader __consumer_offsets-20 starts at leader epoch 0 from offset 0 with high watermark 0 ISR [1] addingReplicas [] removingReplicas []. Previous leader epoch was -1. (state.change.logger)
[2023-10-16 07:00:03,314] INFO [Broker id=1] Leader __consumer_offsets-27 starts at leader epoch 0 from offset 0 with high watermark 0 ISR [1] addingReplicas [] removingReplicas []. Previous leader epoch was -1. (state.change.logger)
[2023-10-16 07:00:03,316] INFO [Broker id=1] Leader __consumer_offsets-42 starts at leader epoch 0 from offset 0 with high watermark 0 ISR [1] addingReplicas [] removingReplicas []. Previous leader epoch was -1. (state.change.logger)
[2023-10-16 07:00:03,317] INFO [Broker id=1] Leader __consumer_offsets-12 starts at leader epoch 0 from offset 0 with high watermark 0 ISR [1] addingReplicas [] removingReplicas []. Previous leader epoch was -1. (state.change.logger)
[2023-10-16 07:00:03,320] INFO [Broker id=1] Leader __consumer_offsets-21 starts at leader epoch 0 from offset 0 with high watermark 0 ISR [1] addingReplicas [] removingReplicas []. Previous leader epoch was -1. (state.change.logger)
[2023-10-16 07:00:03,322] INFO [Broker id=1] Leader test-topic-0 starts at leader epoch 0 from offset 2 with high watermark 2 ISR [1] addingReplicas [] removingReplicas []. Previous leader epoch was -1. (state.change.logger)
[2023-10-16 07:00:03,322] INFO [Broker id=1] Leader __consumer_offsets-36 starts at leader epoch 0 from offset 0 with high watermark 0 ISR [1] addingReplicas [] removingReplicas []. Previous leader epoch was -1. (state.change.logger)
[2023-10-16 07:00:03,324] INFO [Broker id=1] Leader __consumer_offsets-6 starts at leader epoch 0 from offset 0 with high watermark 0 ISR [1] addingReplicas [] removingReplicas []. Previous leader epoch was -1. (state.change.logger)
[2023-10-16 07:00:03,326] INFO [Broker id=1] Leader __consumer_offsets-43 starts at leader epoch 0 from offset 0 with high watermark 0 ISR [1] addingReplicas [] removingReplicas []. Previous leader epoch was -1. (state.change.logger)
[2023-10-16 07:00:03,328] INFO [Broker id=1] Leader __consumer_offsets-13 starts at leader epoch 0 from offset 0 with high watermark 0 ISR [1] addingReplicas [] removingReplicas []. Previous leader epoch was -1. (state.change.logger)
[2023-10-16 07:00:03,330] INFO [Broker id=1] Leader __consumer_offsets-28 starts at leader epoch 0 from offset 0 with high watermark 0 ISR [1] addingReplicas [] removingReplicas []. Previous leader epoch was -1. (state.change.logger)
[2023-10-16 07:00:03,360] INFO [Broker id=1] Finished LeaderAndIsr request in 141ms correlationId 1 from controller 1 for 51 partitions (state.change.logger)
[2023-10-16 07:00:03,365] INFO [Broker id=1] Add 51 partitions and deleted 0 partitions from metadata cache in response to UpdateMetadata request sent by controller 1 epoch 4 with correlation id 2 (state.change.logger)
[2023-10-16 07:02:57,214] INFO [Controller id=1 epoch=4] Sending UpdateMetadata request to brokers HashSet() for 0 partitions (state.change.logger)
[2023-10-16 07:03:17,013] INFO [Controller id=1 epoch=5] Sending UpdateMetadata request to brokers HashSet(1) for 0 partitions (state.change.logger)
[2023-10-16 07:03:17,080] INFO [Controller id=1 epoch=5] Sending LeaderAndIsr request to broker 1 with 51 become-leader and 0 become-follower partitions (state.change.logger)
[2023-10-16 07:03:17,082] INFO [Controller id=1 epoch=5] Sending UpdateMetadata request to brokers HashSet(1) for 51 partitions (state.change.logger)
[2023-10-16 07:03:17,133] INFO [Broker id=1] Handling LeaderAndIsr request correlationId 1 from controller 1 for 51 partitions (state.change.logger)
[2023-10-16 07:03:17,160] INFO [Broker id=1] Stopped fetchers as part of LeaderAndIsr request correlationId 1 from controller 1 epoch 5 as part of the become-leader transition for 51 partitions (state.change.logger)
[2023-10-16 07:03:17,169] INFO [Broker id=1] Leader __consumer_offsets-3 starts at leader epoch 0 from offset 0 with high watermark 0 ISR [1] addingReplicas [] removingReplicas []. Previous leader epoch was -1. (state.change.logger)
[2023-10-16 07:03:17,186] INFO [Broker id=1] Leader __consumer_offsets-18 starts at leader epoch 0 from offset 2 with high watermark 2 ISR [1] addingReplicas [] removingReplicas []. Previous leader epoch was -1. (state.change.logger)
[2023-10-16 07:03:17,188] INFO [Broker id=1] Leader __consumer_offsets-41 starts at leader epoch 0 from offset 0 with high watermark 0 ISR [1] addingReplicas [] removingReplicas []. Previous leader epoch was -1. (state.change.logger)
[2023-10-16 07:03:17,194] INFO [Broker id=1] Leader __consumer_offsets-10 starts at leader epoch 0 from offset 0 with high watermark 0 ISR [1] addingReplicas [] removingReplicas []. Previous leader epoch was -1. (state.change.logger)
[2023-10-16 07:03:17,203] INFO [Broker id=1] Leader __consumer_offsets-33 starts at leader epoch 0 from offset 0 with high watermark 0 ISR [1] addingReplicas [] removingReplicas []. Previous leader epoch was -1. (state.change.logger)
[2023-10-16 07:03:17,212] INFO [Broker id=1] Leader __consumer_offsets-48 starts at leader epoch 0 from offset 0 with high watermark 0 ISR [1] addingReplicas [] removingReplicas []. Previous leader epoch was -1. (state.change.logger)
[2023-10-16 07:03:17,224] INFO [Broker id=1] Leader __consumer_offsets-19 starts at leader epoch 0 from offset 0 with high watermark 0 ISR [1] addingReplicas [] removingReplicas []. Previous leader epoch was -1. (state.change.logger)
[2023-10-16 07:03:17,227] INFO [Broker id=1] Leader __consumer_offsets-34 starts at leader epoch 0 from offset 0 with high watermark 0 ISR [1] addingReplicas [] removingReplicas []. Previous leader epoch was -1. (state.change.logger)
[2023-10-16 07:03:17,231] INFO [Broker id=1] Leader __consumer_offsets-4 starts at leader epoch 0 from offset 0 with high watermark 0 ISR [1] addingReplicas [] removingReplicas []. Previous leader epoch was -1. (state.change.logger)
[2023-10-16 07:03:17,240] INFO [Broker id=1] Leader __consumer_offsets-11 starts at leader epoch 0 from offset 0 with high watermark 0 ISR [1] addingReplicas [] removingReplicas []. Previous leader epoch was -1. (state.change.logger)
[2023-10-16 07:03:17,243] INFO [Broker id=1] Leader __consumer_offsets-26 starts at leader epoch 0 from offset 0 with high watermark 0 ISR [1] addingReplicas [] removingReplicas []. Previous leader epoch was -1. (state.change.logger)
[2023-10-16 07:03:17,246] INFO [Broker id=1] Leader __consumer_offsets-49 starts at leader epoch 0 from offset 0 with high watermark 0 ISR [1] addingReplicas [] removingReplicas []. Previous leader epoch was -1. (state.change.logger)
[2023-10-16 07:03:17,250] INFO [Broker id=1] Leader __consumer_offsets-39 starts at leader epoch 0 from offset 1 with high watermark 1 ISR [1] addingReplicas [] removingReplicas []. Previous leader epoch was -1. (state.change.logger)
[2023-10-16 07:03:17,251] INFO [Broker id=1] Leader __consumer_offsets-9 starts at leader epoch 0 from offset 0 with high watermark 0 ISR [1] addingReplicas [] removingReplicas []. Previous leader epoch was -1. (state.change.logger)
[2023-10-16 07:03:17,256] INFO [Broker id=1] Leader __consumer_offsets-24 starts at leader epoch 0 from offset 0 with high watermark 0 ISR [1] addingReplicas [] removingReplicas []. Previous leader epoch was -1. (state.change.logger)
[2023-10-16 07:03:17,263] INFO [Broker id=1] Leader __consumer_offsets-31 starts at leader epoch 0 from offset 0 with high watermark 0 ISR [1] addingReplicas [] removingReplicas []. Previous leader epoch was -1. (state.change.logger)
[2023-10-16 07:03:17,273] INFO [Broker id=1] Leader __consumer_offsets-46 starts at leader epoch 0 from offset 0 with high watermark 0 ISR [1] addingReplicas [] removingReplicas []. Previous leader epoch was -1. (state.change.logger)
[2023-10-16 07:03:17,287] INFO [Broker id=1] Leader __consumer_offsets-1 starts at leader epoch 0 from offset 0 with high watermark 0 ISR [1] addingReplicas [] removingReplicas []. Previous leader epoch was -1. (state.change.logger)
[2023-10-16 07:03:17,291] INFO [Broker id=1] Leader __consumer_offsets-16 starts at leader epoch 0 from offset 0 with high watermark 0 ISR [1] addingReplicas [] removingReplicas []. Previous leader epoch was -1. (state.change.logger)
[2023-10-16 07:03:17,295] INFO [Broker id=1] Leader __consumer_offsets-2 starts at leader epoch 0 from offset 0 with high watermark 0 ISR [1] addingReplicas [] removingReplicas []. Previous leader epoch was -1. (state.change.logger)
[2023-10-16 07:03:17,298] INFO [Broker id=1] Leader __consumer_offsets-25 starts at leader epoch 0 from offset 0 with high watermark 0 ISR [1] addingReplicas [] removingReplicas []. Previous leader epoch was -1. (state.change.logger)
[2023-10-16 07:03:17,301] INFO [Broker id=1] Leader __consumer_offsets-40 starts at leader epoch 0 from offset 0 with high watermark 0 ISR [1] addingReplicas [] removingReplicas []. Previous leader epoch was -1. (state.change.logger)
[2023-10-16 07:03:17,304] INFO [Broker id=1] Leader __consumer_offsets-47 starts at leader epoch 0 from offset 0 with high watermark 0 ISR [1] addingReplicas [] removingReplicas []. Previous leader epoch was -1. (state.change.logger)
[2023-10-16 07:03:17,307] INFO [Broker id=1] Leader __consumer_offsets-17 starts at leader epoch 0 from offset 0 with high watermark 0 ISR [1] addingReplicas [] removingReplicas []. Previous leader epoch was -1. (state.change.logger)
[2023-10-16 07:03:17,311] INFO [Broker id=1] Leader __consumer_offsets-32 starts at leader epoch 0 from offset 0 with high watermark 0 ISR [1] addingReplicas [] removingReplicas []. Previous leader epoch was -1. (state.change.logger)
[2023-10-16 07:03:17,314] INFO [Broker id=1] Leader __consumer_offsets-37 starts at leader epoch 0 from offset 0 with high watermark 0 ISR [1] addingReplicas [] removingReplicas []. Previous leader epoch was -1. (state.change.logger)
[2023-10-16 07:03:17,321] INFO [Broker id=1] Leader __consumer_offsets-7 starts at leader epoch 0 from offset 0 with high watermark 0 ISR [1] addingReplicas [] removingReplicas []. Previous leader epoch was -1. (state.change.logger)
[2023-10-16 07:03:17,325] INFO [Broker id=1] Leader __consumer_offsets-22 starts at leader epoch 0 from offset 0 with high watermark 0 ISR [1] addingReplicas [] removingReplicas []. Previous leader epoch was -1. (state.change.logger)
[2023-10-16 07:03:17,328] INFO [Broker id=1] Leader __consumer_offsets-29 starts at leader epoch 0 from offset 0 with high watermark 0 ISR [1] addingReplicas [] removingReplicas []. Previous leader epoch was -1. (state.change.logger)
[2023-10-16 07:03:17,329] INFO [Broker id=1] Leader __consumer_offsets-44 starts at leader epoch 0 from offset 0 with high watermark 0 ISR [1] addingReplicas [] removingReplicas []. Previous leader epoch was -1. (state.change.logger)
[2023-10-16 07:03:17,333] INFO [Broker id=1] Leader __consumer_offsets-14 starts at leader epoch 0 from offset 0 with high watermark 0 ISR [1] addingReplicas [] removingReplicas []. Previous leader epoch was -1. (state.change.logger)
[2023-10-16 07:03:17,336] INFO [Broker id=1] Leader __consumer_offsets-23 starts at leader epoch 0 from offset 0 with high watermark 0 ISR [1] addingReplicas [] removingReplicas []. Previous leader epoch was -1. (state.change.logger)
[2023-10-16 07:03:17,338] INFO [Broker id=1] Leader __consumer_offsets-38 starts at leader epoch 0 from offset 0 with high watermark 0 ISR [1] addingReplicas [] removingReplicas []. Previous leader epoch was -1. (state.change.logger)
[2023-10-16 07:03:17,341] INFO [Broker id=1] Leader __consumer_offsets-8 starts at leader epoch 0 from offset 0 with high watermark 0 ISR [1] addingReplicas [] removingReplicas []. Previous leader epoch was -1. (state.change.logger)
[2023-10-16 07:03:17,345] INFO [Broker id=1] Leader __consumer_offsets-45 starts at leader epoch 0 from offset 0 with high watermark 0 ISR [1] addingReplicas [] removingReplicas []. Previous leader epoch was -1. (state.change.logger)
[2023-10-16 07:03:17,348] INFO [Broker id=1] Leader __consumer_offsets-15 starts at leader epoch 0 from offset 0 with high watermark 0 ISR [1] addingReplicas [] removingReplicas []. Previous leader epoch was -1. (state.change.logger)
[2023-10-16 07:03:17,350] INFO [Broker id=1] Leader __consumer_offsets-30 starts at leader epoch 0 from offset 0 with high watermark 0 ISR [1] addingReplicas [] removingReplicas []. Previous leader epoch was -1. (state.change.logger)
[2023-10-16 07:03:17,355] INFO [Broker id=1] Leader __consumer_offsets-0 starts at leader epoch 0 from offset 0 with high watermark 0 ISR [1] addingReplicas [] removingReplicas []. Previous leader epoch was -1. (state.change.logger)
[2023-10-16 07:03:17,358] INFO [Broker id=1] Leader __consumer_offsets-35 starts at leader epoch 0 from offset 0 with high watermark 0 ISR [1] addingReplicas [] removingReplicas []. Previous leader epoch was -1. (state.change.logger)
[2023-10-16 07:03:17,360] INFO [Broker id=1] Leader __consumer_offsets-5 starts at leader epoch 0 from offset 0 with high watermark 0 ISR [1] addingReplicas [] removingReplicas []. Previous leader epoch was -1. (state.change.logger)
[2023-10-16 07:03:17,362] INFO [Broker id=1] Leader __consumer_offsets-20 starts at leader epoch 0 from offset 0 with high watermark 0 ISR [1] addingReplicas [] removingReplicas []. Previous leader epoch was -1. (state.change.logger)
[2023-10-16 07:03:17,365] INFO [Broker id=1] Leader __consumer_offsets-27 starts at leader epoch 0 from offset 0 with high watermark 0 ISR [1] addingReplicas [] removingReplicas []. Previous leader epoch was -1. (state.change.logger)
[2023-10-16 07:03:17,367] INFO [Broker id=1] Leader __consumer_offsets-42 starts at leader epoch 0 from offset 0 with high watermark 0 ISR [1] addingReplicas [] removingReplicas []. Previous leader epoch was -1. (state.change.logger)
[2023-10-16 07:03:17,368] INFO [Broker id=1] Leader __consumer_offsets-12 starts at leader epoch 0 from offset 0 with high watermark 0 ISR [1] addingReplicas [] removingReplicas []. Previous leader epoch was -1. (state.change.logger)
[2023-10-16 07:03:17,370] INFO [Broker id=1] Leader __consumer_offsets-21 starts at leader epoch 0 from offset 0 with high watermark 0 ISR [1] addingReplicas [] removingReplicas []. Previous leader epoch was -1. (state.change.logger)
[2023-10-16 07:03:17,372] INFO [Broker id=1] Leader test-topic-0 starts at leader epoch 0 from offset 6 with high watermark 6 ISR [1] addingReplicas [] removingReplicas []. Previous leader epoch was -1. (state.change.logger)
[2023-10-16 07:03:17,373] INFO [Broker id=1] Leader __consumer_offsets-36 starts at leader epoch 0 from offset 0 with high watermark 0 ISR [1] addingReplicas [] removingReplicas []. Previous leader epoch was -1. (state.change.logger)
[2023-10-16 07:03:17,376] INFO [Broker id=1] Leader __consumer_offsets-6 starts at leader epoch 0 from offset 0 with high watermark 0 ISR [1] addingReplicas [] removingReplicas []. Previous leader epoch was -1. (state.change.logger)
[2023-10-16 07:03:17,380] INFO [Broker id=1] Leader __consumer_offsets-43 starts at leader epoch 0 from offset 0 with high watermark 0 ISR [1] addingReplicas [] removingReplicas []. Previous leader epoch was -1. (state.change.logger)
[2023-10-16 07:03:17,385] INFO [Broker id=1] Leader __consumer_offsets-13 starts at leader epoch 0 from offset 0 with high watermark 0 ISR [1] addingReplicas [] removingReplicas []. Previous leader epoch was -1. (state.change.logger)
[2023-10-16 07:03:17,389] INFO [Broker id=1] Leader __consumer_offsets-28 starts at leader epoch 0 from offset 0 with high watermark 0 ISR [1] addingReplicas [] removingReplicas []. Previous leader epoch was -1. (state.change.logger)
[2023-10-16 07:03:17,428] INFO [Broker id=1] Finished LeaderAndIsr request in 296ms correlationId 1 from controller 1 for 51 partitions (state.change.logger)
[2023-10-16 07:03:17,434] INFO [Broker id=1] Add 51 partitions and deleted 0 partitions from metadata cache in response to UpdateMetadata request sent by controller 1 epoch 5 with correlation id 2 (state.change.logger)
[2023-10-16 07:07:54,310] INFO [Controller id=1 epoch=5] Sending UpdateMetadata request to brokers HashSet() for 0 partitions (state.change.logger)
[2023-10-16 07:08:15,652] INFO [Controller id=1 epoch=6] Sending UpdateMetadata request to brokers HashSet(1) for 0 partitions (state.change.logger)
[2023-10-16 07:08:15,704] INFO [Controller id=1 epoch=6] Sending LeaderAndIsr request to broker 1 with 51 become-leader and 0 become-follower partitions (state.change.logger)
[2023-10-16 07:08:15,705] INFO [Controller id=1 epoch=6] Sending UpdateMetadata request to brokers HashSet(1) for 51 partitions (state.change.logger)
[2023-10-16 07:08:15,734] INFO [Broker id=1] Handling LeaderAndIsr request correlationId 1 from controller 1 for 51 partitions (state.change.logger)
[2023-10-16 07:08:15,758] INFO [Broker id=1] Stopped fetchers as part of LeaderAndIsr request correlationId 1 from controller 1 epoch 6 as part of the become-leader transition for 51 partitions (state.change.logger)
[2023-10-16 07:08:15,773] INFO [Broker id=1] Leader __consumer_offsets-3 starts at leader epoch 0 from offset 0 with high watermark 0 ISR [1] addingReplicas [] removingReplicas []. Previous leader epoch was -1. (state.change.logger)
[2023-10-16 07:08:15,780] INFO [Broker id=1] Leader __consumer_offsets-18 starts at leader epoch 0 from offset 2 with high watermark 2 ISR [1] addingReplicas [] removingReplicas []. Previous leader epoch was -1. (state.change.logger)
[2023-10-16 07:08:15,782] INFO [Broker id=1] Leader __consumer_offsets-41 starts at leader epoch 0 from offset 0 with high watermark 0 ISR [1] addingReplicas [] removingReplicas []. Previous leader epoch was -1. (state.change.logger)
[2023-10-16 07:08:15,787] INFO [Broker id=1] Leader __consumer_offsets-10 starts at leader epoch 0 from offset 0 with high watermark 0 ISR [1] addingReplicas [] removingReplicas []. Previous leader epoch was -1. (state.change.logger)
[2023-10-16 07:08:15,795] INFO [Broker id=1] Leader __consumer_offsets-33 starts at leader epoch 0 from offset 0 with high watermark 0 ISR [1] addingReplicas [] removingReplicas []. Previous leader epoch was -1. (state.change.logger)
[2023-10-16 07:08:15,805] INFO [Broker id=1] Leader __consumer_offsets-48 starts at leader epoch 0 from offset 0 with high watermark 0 ISR [1] addingReplicas [] removingReplicas []. Previous leader epoch was -1. (state.change.logger)
[2023-10-16 07:08:15,813] INFO [Broker id=1] Leader __consumer_offsets-19 starts at leader epoch 0 from offset 0 with high watermark 0 ISR [1] addingReplicas [] removingReplicas []. Previous leader epoch was -1. (state.change.logger)
[2023-10-16 07:08:15,823] INFO [Broker id=1] Leader __consumer_offsets-34 starts at leader epoch 0 from offset 0 with high watermark 0 ISR [1] addingReplicas [] removingReplicas []. Previous leader epoch was -1. (state.change.logger)
[2023-10-16 07:08:15,828] INFO [Broker id=1] Leader __consumer_offsets-4 starts at leader epoch 0 from offset 0 with high watermark 0 ISR [1] addingReplicas [] removingReplicas []. Previous leader epoch was -1. (state.change.logger)
[2023-10-16 07:08:15,831] INFO [Broker id=1] Leader __consumer_offsets-11 starts at leader epoch 0 from offset 0 with high watermark 0 ISR [1] addingReplicas [] removingReplicas []. Previous leader epoch was -1. (state.change.logger)
[2023-10-16 07:08:15,833] INFO [Broker id=1] Leader __consumer_offsets-26 starts at leader epoch 0 from offset 0 with high watermark 0 ISR [1] addingReplicas [] removingReplicas []. Previous leader epoch was -1. (state.change.logger)
[2023-10-16 07:08:15,835] INFO [Broker id=1] Leader __consumer_offsets-49 starts at leader epoch 0 from offset 0 with high watermark 0 ISR [1] addingReplicas [] removingReplicas []. Previous leader epoch was -1. (state.change.logger)
[2023-10-16 07:08:15,837] INFO [Broker id=1] Leader __consumer_offsets-39 starts at leader epoch 0 from offset 2 with high watermark 2 ISR [1] addingReplicas [] removingReplicas []. Previous leader epoch was -1. (state.change.logger)
[2023-10-16 07:08:15,838] INFO [Broker id=1] Leader __consumer_offsets-9 starts at leader epoch 0 from offset 0 with high watermark 0 ISR [1] addingReplicas [] removingReplicas []. Previous leader epoch was -1. (state.change.logger)
[2023-10-16 07:08:15,842] INFO [Broker id=1] Leader __consumer_offsets-24 starts at leader epoch 0 from offset 0 with high watermark 0 ISR [1] addingReplicas [] removingReplicas []. Previous leader epoch was -1. (state.change.logger)
[2023-10-16 07:08:15,844] INFO [Broker id=1] Leader __consumer_offsets-31 starts at leader epoch 0 from offset 0 with high watermark 0 ISR [1] addingReplicas [] removingReplicas []. Previous leader epoch was -1. (state.change.logger)
[2023-10-16 07:08:15,846] INFO [Broker id=1] Leader __consumer_offsets-46 starts at leader epoch 0 from offset 0 with high watermark 0 ISR [1] addingReplicas [] removingReplicas []. Previous leader epoch was -1. (state.change.logger)
[2023-10-16 07:08:15,852] INFO [Broker id=1] Leader __consumer_offsets-1 starts at leader epoch 0 from offset 0 with high watermark 0 ISR [1] addingReplicas [] removingReplicas []. Previous leader epoch was -1. (state.change.logger)
[2023-10-16 07:08:15,857] INFO [Broker id=1] Leader __consumer_offsets-16 starts at leader epoch 0 from offset 0 with high watermark 0 ISR [1] addingReplicas [] removingReplicas []. Previous leader epoch was -1. (state.change.logger)
[2023-10-16 07:08:15,863] INFO [Broker id=1] Leader __consumer_offsets-2 starts at leader epoch 0 from offset 0 with high watermark 0 ISR [1] addingReplicas [] removingReplicas []. Previous leader epoch was -1. (state.change.logger)
[2023-10-16 07:08:15,866] INFO [Broker id=1] Leader __consumer_offsets-25 starts at leader epoch 0 from offset 0 with high watermark 0 ISR [1] addingReplicas [] removingReplicas []. Previous leader epoch was -1. (state.change.logger)
[2023-10-16 07:08:15,871] INFO [Broker id=1] Leader __consumer_offsets-40 starts at leader epoch 0 from offset 0 with high watermark 0 ISR [1] addingReplicas [] removingReplicas []. Previous leader epoch was -1. (state.change.logger)
[2023-10-16 07:08:15,877] INFO [Broker id=1] Leader __consumer_offsets-47 starts at leader epoch 0 from offset 0 with high watermark 0 ISR [1] addingReplicas [] removingReplicas []. Previous leader epoch was -1. (state.change.logger)
[2023-10-16 07:08:15,879] INFO [Broker id=1] Leader __consumer_offsets-17 starts at leader epoch 0 from offset 0 with high watermark 0 ISR [1] addingReplicas [] removingReplicas []. Previous leader epoch was -1. (state.change.logger)
[2023-10-16 07:08:15,882] INFO [Broker id=1] Leader __consumer_offsets-32 starts at leader epoch 0 from offset 0 with high watermark 0 ISR [1] addingReplicas [] removingReplicas []. Previous leader epoch was -1. (state.change.logger)
[2023-10-16 07:08:15,885] INFO [Broker id=1] Leader __consumer_offsets-37 starts at leader epoch 0 from offset 0 with high watermark 0 ISR [1] addingReplicas [] removingReplicas []. Previous leader epoch was -1. (state.change.logger)
[2023-10-16 07:08:15,888] INFO [Broker id=1] Leader __consumer_offsets-7 starts at leader epoch 0 from offset 0 with high watermark 0 ISR [1] addingReplicas [] removingReplicas []. Previous leader epoch was -1. (state.change.logger)
[2023-10-16 07:08:15,891] INFO [Broker id=1] Leader __consumer_offsets-22 starts at leader epoch 0 from offset 0 with high watermark 0 ISR [1] addingReplicas [] removingReplicas []. Previous leader epoch was -1. (state.change.logger)
[2023-10-16 07:08:15,894] INFO [Broker id=1] Leader __consumer_offsets-29 starts at leader epoch 0 from offset 0 with high watermark 0 ISR [1] addingReplicas [] removingReplicas []. Previous leader epoch was -1. (state.change.logger)
[2023-10-16 07:08:15,896] INFO [Broker id=1] Leader __consumer_offsets-44 starts at leader epoch 0 from offset 0 with high watermark 0 ISR [1] addingReplicas [] removingReplicas []. Previous leader epoch was -1. (state.change.logger)
[2023-10-16 07:08:15,898] INFO [Broker id=1] Leader __consumer_offsets-14 starts at leader epoch 0 from offset 0 with high watermark 0 ISR [1] addingReplicas [] removingReplicas []. Previous leader epoch was -1. (state.change.logger)
[2023-10-16 07:08:15,900] INFO [Broker id=1] Leader __consumer_offsets-23 starts at leader epoch 0 from offset 0 with high watermark 0 ISR [1] addingReplicas [] removingReplicas []. Previous leader epoch was -1. (state.change.logger)
[2023-10-16 07:08:15,903] INFO [Broker id=1] Leader __consumer_offsets-38 starts at leader epoch 0 from offset 0 with high watermark 0 ISR [1] addingReplicas [] removingReplicas []. Previous leader epoch was -1. (state.change.logger)
[2023-10-16 07:08:15,907] INFO [Broker id=1] Leader __consumer_offsets-8 starts at leader epoch 0 from offset 0 with high watermark 0 ISR [1] addingReplicas [] removingReplicas []. Previous leader epoch was -1. (state.change.logger)
[2023-10-16 07:08:15,909] INFO [Broker id=1] Leader __consumer_offsets-45 starts at leader epoch 0 from offset 0 with high watermark 0 ISR [1] addingReplicas [] removingReplicas []. Previous leader epoch was -1. (state.change.logger)
[2023-10-16 07:08:15,912] INFO [Broker id=1] Leader __consumer_offsets-15 starts at leader epoch 0 from offset 0 with high watermark 0 ISR [1] addingReplicas [] removingReplicas []. Previous leader epoch was -1. (state.change.logger)
[2023-10-16 07:08:15,918] INFO [Broker id=1] Leader __consumer_offsets-30 starts at leader epoch 0 from offset 0 with high watermark 0 ISR [1] addingReplicas [] removingReplicas []. Previous leader epoch was -1. (state.change.logger)
[2023-10-16 07:08:15,924] INFO [Broker id=1] Leader __consumer_offsets-0 starts at leader epoch 0 from offset 0 with high watermark 0 ISR [1] addingReplicas [] removingReplicas []. Previous leader epoch was -1. (state.change.logger)
[2023-10-16 07:08:15,927] INFO [Broker id=1] Leader __consumer_offsets-35 starts at leader epoch 0 from offset 0 with high watermark 0 ISR [1] addingReplicas [] removingReplicas []. Previous leader epoch was -1. (state.change.logger)
[2023-10-16 07:08:15,930] INFO [Broker id=1] Leader __consumer_offsets-5 starts at leader epoch 0 from offset 0 with high watermark 0 ISR [1] addingReplicas [] removingReplicas []. Previous leader epoch was -1. (state.change.logger)
[2023-10-16 07:08:15,932] INFO [Broker id=1] Leader __consumer_offsets-20 starts at leader epoch 0 from offset 0 with high watermark 0 ISR [1] addingReplicas [] removingReplicas []. Previous leader epoch was -1. (state.change.logger)
[2023-10-16 07:08:15,937] INFO [Broker id=1] Leader __consumer_offsets-27 starts at leader epoch 0 from offset 0 with high watermark 0 ISR [1] addingReplicas [] removingReplicas []. Previous leader epoch was -1. (state.change.logger)
[2023-10-16 07:08:15,941] INFO [Broker id=1] Leader __consumer_offsets-42 starts at leader epoch 0 from offset 0 with high watermark 0 ISR [1] addingReplicas [] removingReplicas []. Previous leader epoch was -1. (state.change.logger)
[2023-10-16 07:08:15,944] INFO [Broker id=1] Leader __consumer_offsets-12 starts at leader epoch 0 from offset 0 with high watermark 0 ISR [1] addingReplicas [] removingReplicas []. Previous leader epoch was -1. (state.change.logger)
[2023-10-16 07:08:15,946] INFO [Broker id=1] Leader __consumer_offsets-21 starts at leader epoch 0 from offset 0 with high watermark 0 ISR [1] addingReplicas [] removingReplicas []. Previous leader epoch was -1. (state.change.logger)
[2023-10-16 07:08:15,948] INFO [Broker id=1] Leader test-topic-0 starts at leader epoch 0 from offset 6 with high watermark 6 ISR [1] addingReplicas [] removingReplicas []. Previous leader epoch was -1. (state.change.logger)
[2023-10-16 07:08:15,950] INFO [Broker id=1] Leader __consumer_offsets-36 starts at leader epoch 0 from offset 0 with high watermark 0 ISR [1] addingReplicas [] removingReplicas []. Previous leader epoch was -1. (state.change.logger)
[2023-10-16 07:08:15,957] INFO [Broker id=1] Leader __consumer_offsets-6 starts at leader epoch 0 from offset 0 with high watermark 0 ISR [1] addingReplicas [] removingReplicas []. Previous leader epoch was -1. (state.change.logger)
[2023-10-16 07:08:15,961] INFO [Broker id=1] Leader __consumer_offsets-43 starts at leader epoch 0 from offset 0 with high watermark 0 ISR [1] addingReplicas [] removingReplicas []. Previous leader epoch was -1. (state.change.logger)
[2023-10-16 07:08:15,963] INFO [Broker id=1] Leader __consumer_offsets-13 starts at leader epoch 0 from offset 0 with high watermark 0 ISR [1] addingReplicas [] removingReplicas []. Previous leader epoch was -1. (state.change.logger)
[2023-10-16 07:08:15,966] INFO [Broker id=1] Leader __consumer_offsets-28 starts at leader epoch 0 from offset 0 with high watermark 0 ISR [1] addingReplicas [] removingReplicas []. Previous leader epoch was -1. (state.change.logger)
[2023-10-16 07:08:16,040] INFO [Broker id=1] Finished LeaderAndIsr request in 305ms correlationId 1 from controller 1 for 51 partitions (state.change.logger)
[2023-10-16 07:08:16,048] INFO [Broker id=1] Add 51 partitions and deleted 0 partitions from metadata cache in response to UpdateMetadata request sent by controller 1 epoch 6 with correlation id 2 (state.change.logger)
[2023-10-16 07:09:18,570] INFO [Controller id=1 epoch=6] Sending UpdateMetadata request to brokers HashSet() for 0 partitions (state.change.logger)
